<!DOCTYPE html PUBLIC "-//W3C//DTD XHTML 1.1//EN" "http://www.w3.org/TR/xhtml11/DTD/xhtml11.dtd">
<html xmlns="http://www.w3.org/1999/xhtml"><head><title>TestNG Report</title><style type="text/css">table {margin-bottom:10px;border-collapse:collapse;empty-cells:show}th,td {border:1px solid #009;padding:.25em .5em}th {vertical-align:bottom}td {vertical-align:top}table a {font-weight:bold}.stripe td {background-color: #E6EBF9}.num {text-align:right}.passedodd td {background-color: #3F3}.passedeven td {background-color: #0A0}.skippedodd td {background-color: #DDD}.skippedeven td {background-color: #CCC}.failedodd td,.attn {background-color: #F33}.failedeven td,.stripe .attn {background-color: #D00}.stacktrace {white-space:pre;font-family:monospace}.totop {font-size:85%;text-align:center;border-bottom:2px solid #000}</style></head><body><table><tr><th>Test</th><th># Passed</th><th># Skipped</th><th># Failed</th><th>Time (ms)</th><th>Included Groups</th><th>Excluded Groups</th></tr><tr><th colspan="7">Suite</th></tr><tr><td><a href="#t0">Test</a></td><td class="num">15</td><td class="num">0</td><td class="num attn">2</td><td class="num">675,069</td><td></td><td></td></tr></table><table id='summary'><thead><tr><th>Class</th><th>Method</th><th>Start</th><th>Time (ms)</th></tr></thead><tbody><tr><th colspan="4">Suite</th></tr></tbody><tbody id="t0"><tr><th colspan="4">Test &#8212; failed</th></tr><tr class="failedeven"><td rowspan="1">automation_Testcases.SignIn_Test</td><td><a href="#m0">SignIn_Successful_TC</a></td><td rowspan="1">1503568758680</td><td rowspan="1">11822</td></tr><tr class="failedodd"><td rowspan="1">automation_Testcases.SignUp_Test</td><td><a href="#m1">Registered_Email_TC</a></td><td rowspan="1">1503569259477</td><td rowspan="1">4068</td></tr><tr><th colspan="4">Test &#8212; passed</th></tr><tr class="passedeven"><td rowspan="7">automation_Testcases.SignIn_Test</td><td><a href="#m2">Blank_Email_TC</a></td><td rowspan="1">1503568834876</td><td rowspan="1">630</td></tr><tr class="passedeven"><td><a href="#m3">Blank_Password_TC</a></td><td rowspan="1">1503568881748</td><td rowspan="1">563</td></tr><tr class="passedeven"><td><a href="#m4">ForgotPassword_Navigate_TC</a></td><td rowspan="1">1503569212730</td><td rowspan="1">198</td></tr><tr class="passedeven"><td><a href="#m5">Incorrect_Password_TC</a></td><td rowspan="1">1503569065183</td><td rowspan="1">1455</td></tr><tr class="passedeven"><td><a href="#m6">Invalid_EmailFormat_TC</a></td><td rowspan="1">1503568985653</td><td rowspan="1">554</td></tr><tr class="passedeven"><td><a href="#m7">SignUp_Navigate_TC</a></td><td rowspan="1">1503569304934</td><td rowspan="1">244</td></tr><tr class="passedeven"><td><a href="#m8">Unregistered_Email_TC</a></td><td rowspan="1">1503569125276</td><td rowspan="1">3504</td></tr><tr class="passedodd"><td rowspan="8">automation_Testcases.SignUp_Test</td><td><a href="#m9">Popup_Privacy_Policy_TC</a></td><td rowspan="1">1503569343434</td><td rowspan="1">825</td></tr><tr class="passedodd"><td><a href="#m10">Popup_T_and_C_TC</a></td><td rowspan="1">1503569373754</td><td rowspan="1">833</td></tr><tr class="passedodd"><td><a href="#m11">SignUp_Blank_Email_TC</a></td><td rowspan="1">1503568943088</td><td rowspan="1">742</td></tr><tr class="passedodd"><td><a href="#m12">SignUp_Blank_FullName_TC</a></td><td rowspan="1">1503568859801</td><td rowspan="1">850</td></tr><tr class="passedodd"><td><a href="#m13">SignUp_Blank_Password_TC</a></td><td rowspan="1">1503569024340</td><td rowspan="1">819</td></tr><tr class="passedodd"><td><a href="#m14">SignUp_Invalid_EmailFormat_TC</a></td><td rowspan="1">1503569092893</td><td rowspan="1">826</td></tr><tr class="passedodd"><td><a href="#m15">SignUp_Invalid_PasswordFormat_TC</a></td><td rowspan="1">1503569160454</td><td rowspan="1">822</td></tr><tr class="passedodd"><td><a href="#m16">SignUp_Successful_TC</a></td><td rowspan="1">1503568805239</td><td rowspan="1">896</td></tr></tbody></table><h2>Test</h2><h3 id="m0">automation_Testcases.SignIn_Test#SignIn_Successful_TC</h3><table class="result"><tr><th>Exception</th></tr><tr><td><div class="stacktrace">org.openqa.selenium.NoSuchElementException: no such element: Unable to locate element: {&quot;method&quot;:&quot;xpath&quot;,&quot;selector&quot;:&quot;.//*[@class=&apos;main-title&apos;]&quot;}
  (Session info: chrome=60.0.3112.101)
  (Driver info: chromedriver=2.25.426923 (0390b88869384d6eb0d5d09729679f934aab9eed),platform=Windows NT 10.0.15063 x86_64) (WARNING: The server did not provide any stacktrace information)
Command duration or timeout: 10.16 seconds
For documentation on this error, please visit: http://seleniumhq.org/exceptions/no_such_element.html
Build info: version: &apos;3.4.0&apos;, revision: &apos;unknown&apos;, time: &apos;unknown&apos;
System info: host: &apos;DESK-67A&apos;, ip: &apos;10.1.1.45&apos;, os.name: &apos;Windows 10&apos;, os.arch: &apos;amd64&apos;, os.version: &apos;10.0&apos;, java.version: &apos;1.8.0_131&apos;
Driver info: org.openqa.selenium.chrome.ChromeDriver
Capabilities [{applicationCacheEnabled=false, rotatable=false, mobileEmulationEnabled=false, networkConnectionEnabled=false, chrome={chromedriverVersion=2.25.426923 (0390b88869384d6eb0d5d09729679f934aab9eed), userDataDir=C:\WINDOWS\TEMP\scoped_dir2660_11337}, takesHeapSnapshot=true, pageLoadStrategy=normal, databaseEnabled=false, handlesAlerts=true, hasTouchScreen=false, version=60.0.3112.101, platform=XP, browserConnectionEnabled=false, nativeEvents=true, acceptSslCerts=true, locationContextEnabled=true, webStorageEnabled=true, browserName=chrome, takesScreenshot=true, javascriptEnabled=true, cssSelectorsEnabled=true}]
Session ID: 2ddbfd57cb220fee50555db3f600b609
*** Element info: {Using=xpath, value=.//*[@class=&apos;main-title&apos;]}
	at org.openqa.selenium.remote.ErrorHandler.createThrowable(ErrorHandler.java:215)
	at org.openqa.selenium.remote.ErrorHandler.throwIfResponseFailed(ErrorHandler.java:167)
	at org.openqa.selenium.remote.RemoteWebDriver.execute(RemoteWebDriver.java:671)
	at org.openqa.selenium.remote.RemoteWebDriver.findElement(RemoteWebDriver.java:410)
	at org.openqa.selenium.remote.RemoteWebDriver.findElementByXPath(RemoteWebDriver.java:509)
	at org.openqa.selenium.By$ByXPath.findElement(By.java:361)
	at org.openqa.selenium.remote.RemoteWebDriver.findElement(RemoteWebDriver.java:402)
	at pageObjects.Home_page.txt_mainTitle(Home_page.java:24)
	at appModules.SignIn_Actions.verify_SignIn(SignIn_Actions.java:61)
	at automation_Testcases.SignIn_Test.SignIn_Successful_TC(SignIn_Test.java:55)
... Removed 32 stack frames</div></td></tr></table><p class="totop"><a href="#summary">back to summary</a></p><h3 id="m1">automation_Testcases.SignUp_Test#Registered_Email_TC</h3><table class="result"><tr><th>Exception</th></tr><tr><td><div class="stacktrace">java.lang.AssertionError: Validation message for invalid credentials is incorrect expected [true] but found [false]
	at Common_Utility.Utils.verify_errorMsg(Utils.java:198)
	at automation_Testcases.SignUp_Test.Registered_Email_TC(SignUp_Test.java:242)
... Removed 31 stack frames</div></td></tr></table><p class="totop"><a href="#summary">back to summary</a></p><h3 id="m2">automation_Testcases.SignIn_Test#Blank_Email_TC</h3><table class="result"></table><p class="totop"><a href="#summary">back to summary</a></p><h3 id="m3">automation_Testcases.SignIn_Test#Blank_Password_TC</h3><table class="result"></table><p class="totop"><a href="#summary">back to summary</a></p><h3 id="m4">automation_Testcases.SignIn_Test#ForgotPassword_Navigate_TC</h3><table class="result"></table><p class="totop"><a href="#summary">back to summary</a></p><h3 id="m5">automation_Testcases.SignIn_Test#Incorrect_Password_TC</h3><table class="result"></table><p class="totop"><a href="#summary">back to summary</a></p><h3 id="m6">automation_Testcases.SignIn_Test#Invalid_EmailFormat_TC</h3><table class="result"></table><p class="totop"><a href="#summary">back to summary</a></p><h3 id="m7">automation_Testcases.SignIn_Test#SignUp_Navigate_TC</h3><table class="result"></table><p class="totop"><a href="#summary">back to summary</a></p><h3 id="m8">automation_Testcases.SignIn_Test#Unregistered_Email_TC</h3><table class="result"></table><p class="totop"><a href="#summary">back to summary</a></p><h3 id="m9">automation_Testcases.SignUp_Test#Popup_Privacy_Policy_TC</h3><table class="result"></table><p class="totop"><a href="#summary">back to summary</a></p><h3 id="m10">automation_Testcases.SignUp_Test#Popup_T_and_C_TC</h3><table class="result"></table><p class="totop"><a href="#summary">back to summary</a></p><h3 id="m11">automation_Testcases.SignUp_Test#SignUp_Blank_Email_TC</h3><table class="result"></table><p class="totop"><a href="#summary">back to summary</a></p><h3 id="m12">automation_Testcases.SignUp_Test#SignUp_Blank_FullName_TC</h3><table class="result"></table><p class="totop"><a href="#summary">back to summary</a></p><h3 id="m13">automation_Testcases.SignUp_Test#SignUp_Blank_Password_TC</h3><table class="result"></table><p class="totop"><a href="#summary">back to summary</a></p><h3 id="m14">automation_Testcases.SignUp_Test#SignUp_Invalid_EmailFormat_TC</h3><table class="result"></table><p class="totop"><a href="#summary">back to summary</a></p><h3 id="m15">automation_Testcases.SignUp_Test#SignUp_Invalid_PasswordFormat_TC</h3><table class="result"></table><p class="totop"><a href="#summary">back to summary</a></p><h3 id="m16">automation_Testcases.SignUp_Test#SignUp_Successful_TC</h3><table class="result"></table><p class="totop"><a href="#summary">back to summary</a></p></body></html>