<?xml version="1.0" encoding="UTF-8"?>
<testng-results skipped="0" failed="2" ignored="0" total="17" passed="15">
  <reporter-output>
  </reporter-output>
  <suite name="Suite" duration-ms="675069" started-at="2017-08-24T09:58:22Z" finished-at="2017-08-24T10:09:37Z">
    <groups>
    </groups>
    <test name="Test" duration-ms="675069" started-at="2017-08-24T09:58:22Z" finished-at="2017-08-24T10:09:37Z">
      <class name="automation_Testcases.SignIn_Test">
        <test-method status="PASS" signature="BeforeMethod(java.lang.reflect.Method)[pri:0, instance:automation_Testcases.SignIn_Test@1e67b872]" name="BeforeMethod" is-config="true" duration-ms="56609" started-at="2017-08-24T15:28:22Z" finished-at="2017-08-24T15:29:18Z">
          <params>
            <param index="0">
              <value>
                <![CDATA[public void automation_Testcases.SignIn_Test.SignIn_Successful_TC() throws java.lang.Exception]]>
              </value>
            </param>
          </params>
          <reporter-output>
          </reporter-output>
        </test-method> <!-- BeforeMethod -->
        <test-method status="FAIL" signature="SignIn_Successful_TC()[pri:0, instance:automation_Testcases.SignIn_Test@1e67b872]" name="SignIn_Successful_TC" duration-ms="11822" started-at="2017-08-24T15:29:18Z" finished-at="2017-08-24T15:29:30Z">
          <exception class="org.openqa.selenium.NoSuchElementException">
            <message>
              <![CDATA[no such element: Unable to locate element: {"method":"xpath","selector":".//*[@class='main-title']"}
  (Session info: chrome=60.0.3112.101)
  (Driver info: chromedriver=2.25.426923 (0390b88869384d6eb0d5d09729679f934aab9eed),platform=Windows NT 10.0.15063 x86_64) (WARNING: The server did not provide any stacktrace information)
Command duration or timeout: 10.16 seconds
For documentation on this error, please visit: http://seleniumhq.org/exceptions/no_such_element.html
Build info: version: '3.4.0', revision: 'unknown', time: 'unknown'
System info: host: 'DESK-67A', ip: '10.1.1.45', os.name: 'Windows 10', os.arch: 'amd64', os.version: '10.0', java.version: '1.8.0_131'
Driver info: org.openqa.selenium.chrome.ChromeDriver
Capabilities [{applicationCacheEnabled=false, rotatable=false, mobileEmulationEnabled=false, networkConnectionEnabled=false, chrome={chromedriverVersion=2.25.426923 (0390b88869384d6eb0d5d09729679f934aab9eed), userDataDir=C:\WINDOWS\TEMP\scoped_dir2660_11337}, takesHeapSnapshot=true, pageLoadStrategy=normal, databaseEnabled=false, handlesAlerts=true, hasTouchScreen=false, version=60.0.3112.101, platform=XP, browserConnectionEnabled=false, nativeEvents=true, acceptSslCerts=true, locationContextEnabled=true, webStorageEnabled=true, browserName=chrome, takesScreenshot=true, javascriptEnabled=true, cssSelectorsEnabled=true}]
Session ID: 2ddbfd57cb220fee50555db3f600b609
*** Element info: {Using=xpath, value=.//*[@class='main-title']}]]>
            </message>
            <full-stacktrace>
              <![CDATA[org.openqa.selenium.NoSuchElementException: no such element: Unable to locate element: {"method":"xpath","selector":".//*[@class='main-title']"}
  (Session info: chrome=60.0.3112.101)
  (Driver info: chromedriver=2.25.426923 (0390b88869384d6eb0d5d09729679f934aab9eed),platform=Windows NT 10.0.15063 x86_64) (WARNING: The server did not provide any stacktrace information)
Command duration or timeout: 10.16 seconds
For documentation on this error, please visit: http://seleniumhq.org/exceptions/no_such_element.html
Build info: version: '3.4.0', revision: 'unknown', time: 'unknown'
System info: host: 'DESK-67A', ip: '10.1.1.45', os.name: 'Windows 10', os.arch: 'amd64', os.version: '10.0', java.version: '1.8.0_131'
Driver info: org.openqa.selenium.chrome.ChromeDriver
Capabilities [{applicationCacheEnabled=false, rotatable=false, mobileEmulationEnabled=false, networkConnectionEnabled=false, chrome={chromedriverVersion=2.25.426923 (0390b88869384d6eb0d5d09729679f934aab9eed), userDataDir=C:\WINDOWS\TEMP\scoped_dir2660_11337}, takesHeapSnapshot=true, pageLoadStrategy=normal, databaseEnabled=false, handlesAlerts=true, hasTouchScreen=false, version=60.0.3112.101, platform=XP, browserConnectionEnabled=false, nativeEvents=true, acceptSslCerts=true, locationContextEnabled=true, webStorageEnabled=true, browserName=chrome, takesScreenshot=true, javascriptEnabled=true, cssSelectorsEnabled=true}]
Session ID: 2ddbfd57cb220fee50555db3f600b609
*** Element info: {Using=xpath, value=.//*[@class='main-title']}
	at sun.reflect.NativeConstructorAccessorImpl.newInstance0(Native Method)
	at sun.reflect.NativeConstructorAccessorImpl.newInstance(NativeConstructorAccessorImpl.java:62)
	at sun.reflect.DelegatingConstructorAccessorImpl.newInstance(DelegatingConstructorAccessorImpl.java:45)
	at java.lang.reflect.Constructor.newInstance(Constructor.java:423)
	at org.openqa.selenium.remote.ErrorHandler.createThrowable(ErrorHandler.java:215)
	at org.openqa.selenium.remote.ErrorHandler.throwIfResponseFailed(ErrorHandler.java:167)
	at org.openqa.selenium.remote.RemoteWebDriver.execute(RemoteWebDriver.java:671)
	at org.openqa.selenium.remote.RemoteWebDriver.findElement(RemoteWebDriver.java:410)
	at org.openqa.selenium.remote.RemoteWebDriver.findElementByXPath(RemoteWebDriver.java:509)
	at org.openqa.selenium.By$ByXPath.findElement(By.java:361)
	at org.openqa.selenium.remote.RemoteWebDriver.findElement(RemoteWebDriver.java:402)
	at pageObjects.Home_page.txt_mainTitle(Home_page.java:24)
	at appModules.SignIn_Actions.verify_SignIn(SignIn_Actions.java:61)
	at automation_Testcases.SignIn_Test.SignIn_Successful_TC(SignIn_Test.java:55)
	at sun.reflect.NativeMethodAccessorImpl.invoke0(Native Method)
	at sun.reflect.NativeMethodAccessorImpl.invoke(NativeMethodAccessorImpl.java:62)
	at sun.reflect.DelegatingMethodAccessorImpl.invoke(DelegatingMethodAccessorImpl.java:43)
	at java.lang.reflect.Method.invoke(Method.java:498)
	at org.testng.internal.MethodInvocationHelper.invokeMethod(MethodInvocationHelper.java:108)
	at org.testng.internal.Invoker.invokeMethod(Invoker.java:661)
	at org.testng.internal.Invoker.invokeTestMethod(Invoker.java:869)
	at org.testng.internal.Invoker.invokeTestMethods(Invoker.java:1193)
	at org.testng.internal.TestMethodWorker.invokeTestMethods(TestMethodWorker.java:126)
	at org.testng.internal.TestMethodWorker.run(TestMethodWorker.java:109)
	at org.testng.TestRunner.privateRun(TestRunner.java:744)
	at org.testng.TestRunner.run(TestRunner.java:602)
	at org.testng.SuiteRunner.runTest(SuiteRunner.java:380)
	at org.testng.SuiteRunner.runSequentially(SuiteRunner.java:375)
	at org.testng.SuiteRunner.privateRun(SuiteRunner.java:340)
	at org.testng.SuiteRunner.run(SuiteRunner.java:289)
	at org.testng.SuiteRunnerWorker.runSuite(SuiteRunnerWorker.java:52)
	at org.testng.SuiteRunnerWorker.run(SuiteRunnerWorker.java:86)
	at org.testng.TestNG.runSuitesSequentially(TestNG.java:1301)
	at org.testng.TestNG.runSuitesLocally(TestNG.java:1226)
	at org.testng.TestNG.runSuites(TestNG.java:1144)
	at org.testng.TestNG.run(TestNG.java:1115)
	at org.apache.maven.surefire.testng.TestNGExecutor.run(TestNGExecutor.java:283)
	at org.apache.maven.surefire.testng.TestNGXmlTestSuite.execute(TestNGXmlTestSuite.java:75)
	at org.apache.maven.surefire.testng.TestNGProvider.invoke(TestNGProvider.java:120)
	at org.apache.maven.surefire.booter.ForkedBooter.invokeProviderInSameClassLoader(ForkedBooter.java:386)
	at org.apache.maven.surefire.booter.ForkedBooter.runSuitesInProcess(ForkedBooter.java:323)
	at org.apache.maven.surefire.booter.ForkedBooter.main(ForkedBooter.java:143)
]]>
            </full-stacktrace>
          </exception> <!-- org.openqa.selenium.NoSuchElementException -->
          <reporter-output>
          </reporter-output>
        </test-method> <!-- SignIn_Successful_TC -->
        <test-method status="PASS" signature="AfterMethod()[pri:0, instance:automation_Testcases.SignIn_Test@1e67b872]" name="AfterMethod" is-config="true" duration-ms="3728" started-at="2017-08-24T15:29:30Z" finished-at="2017-08-24T15:29:34Z">
          <reporter-output>
          </reporter-output>
        </test-method> <!-- AfterMethod -->
        <test-method status="PASS" signature="BeforeMethod(java.lang.reflect.Method)[pri:0, instance:automation_Testcases.SignIn_Test@1e67b872]" name="BeforeMethod" is-config="true" duration-ms="27783" started-at="2017-08-24T15:30:07Z" finished-at="2017-08-24T15:30:34Z">
          <params>
            <param index="0">
              <value>
                <![CDATA[public void automation_Testcases.SignIn_Test.Blank_Email_TC() throws java.lang.Exception]]>
              </value>
            </param>
          </params>
          <reporter-output>
          </reporter-output>
        </test-method> <!-- BeforeMethod -->
        <test-method status="PASS" signature="Blank_Email_TC()[pri:1, instance:automation_Testcases.SignIn_Test@1e67b872]" name="Blank_Email_TC" duration-ms="630" started-at="2017-08-24T15:30:34Z" finished-at="2017-08-24T15:30:35Z">
          <reporter-output>
          </reporter-output>
        </test-method> <!-- Blank_Email_TC -->
        <test-method status="PASS" signature="AfterMethod()[pri:0, instance:automation_Testcases.SignIn_Test@1e67b872]" name="AfterMethod" is-config="true" duration-ms="1219" started-at="2017-08-24T15:30:35Z" finished-at="2017-08-24T15:30:36Z">
          <reporter-output>
          </reporter-output>
        </test-method> <!-- AfterMethod -->
        <test-method status="PASS" signature="BeforeMethod(java.lang.reflect.Method)[pri:0, instance:automation_Testcases.SignIn_Test@1e67b872]" name="BeforeMethod" is-config="true" duration-ms="20200" started-at="2017-08-24T15:31:01Z" finished-at="2017-08-24T15:31:21Z">
          <params>
            <param index="0">
              <value>
                <![CDATA[public void automation_Testcases.SignIn_Test.Blank_Password_TC() throws java.lang.Exception]]>
              </value>
            </param>
          </params>
          <reporter-output>
          </reporter-output>
        </test-method> <!-- BeforeMethod -->
        <test-method status="PASS" signature="Blank_Password_TC()[pri:2, instance:automation_Testcases.SignIn_Test@1e67b872]" name="Blank_Password_TC" duration-ms="563" started-at="2017-08-24T15:31:21Z" finished-at="2017-08-24T15:31:22Z">
          <reporter-output>
          </reporter-output>
        </test-method> <!-- Blank_Password_TC -->
        <test-method status="PASS" signature="AfterMethod()[pri:0, instance:automation_Testcases.SignIn_Test@1e67b872]" name="AfterMethod" is-config="true" duration-ms="935" started-at="2017-08-24T15:31:22Z" finished-at="2017-08-24T15:31:23Z">
          <reporter-output>
          </reporter-output>
        </test-method> <!-- AfterMethod -->
        <test-method status="PASS" signature="BeforeMethod(java.lang.reflect.Method)[pri:0, instance:automation_Testcases.SignIn_Test@1e67b872]" name="BeforeMethod" is-config="true" duration-ms="40878" started-at="2017-08-24T15:32:24Z" finished-at="2017-08-24T15:33:05Z">
          <params>
            <param index="0">
              <value>
                <![CDATA[public void automation_Testcases.SignIn_Test.Invalid_EmailFormat_TC() throws java.lang.Exception]]>
              </value>
            </param>
          </params>
          <reporter-output>
          </reporter-output>
        </test-method> <!-- BeforeMethod -->
        <test-method status="PASS" signature="Invalid_EmailFormat_TC()[pri:3, instance:automation_Testcases.SignIn_Test@1e67b872]" name="Invalid_EmailFormat_TC" duration-ms="554" started-at="2017-08-24T15:33:05Z" finished-at="2017-08-24T15:33:06Z">
          <reporter-output>
          </reporter-output>
        </test-method> <!-- Invalid_EmailFormat_TC -->
        <test-method status="PASS" signature="AfterMethod()[pri:0, instance:automation_Testcases.SignIn_Test@1e67b872]" name="AfterMethod" is-config="true" duration-ms="1815" started-at="2017-08-24T15:33:06Z" finished-at="2017-08-24T15:33:08Z">
          <reporter-output>
          </reporter-output>
        </test-method> <!-- AfterMethod -->
        <test-method status="PASS" signature="BeforeMethod(java.lang.reflect.Method)[pri:0, instance:automation_Testcases.SignIn_Test@1e67b872]" name="BeforeMethod" is-config="true" duration-ms="39133" started-at="2017-08-24T15:33:46Z" finished-at="2017-08-24T15:34:25Z">
          <params>
            <param index="0">
              <value>
                <![CDATA[public void automation_Testcases.SignIn_Test.Incorrect_Password_TC() throws java.lang.Exception]]>
              </value>
            </param>
          </params>
          <reporter-output>
          </reporter-output>
        </test-method> <!-- BeforeMethod -->
        <test-method status="PASS" signature="Incorrect_Password_TC()[pri:4, instance:automation_Testcases.SignIn_Test@1e67b872]" name="Incorrect_Password_TC" duration-ms="1455" started-at="2017-08-24T15:34:25Z" finished-at="2017-08-24T15:34:26Z">
          <reporter-output>
          </reporter-output>
        </test-method> <!-- Incorrect_Password_TC -->
        <test-method status="PASS" signature="AfterMethod()[pri:0, instance:automation_Testcases.SignIn_Test@1e67b872]" name="AfterMethod" is-config="true" duration-ms="992" started-at="2017-08-24T15:34:26Z" finished-at="2017-08-24T15:34:27Z">
          <reporter-output>
          </reporter-output>
        </test-method> <!-- AfterMethod -->
        <test-method status="PASS" signature="BeforeMethod(java.lang.reflect.Method)[pri:0, instance:automation_Testcases.SignIn_Test@1e67b872]" name="BeforeMethod" is-config="true" duration-ms="30527" started-at="2017-08-24T15:34:54Z" finished-at="2017-08-24T15:35:25Z">
          <params>
            <param index="0">
              <value>
                <![CDATA[public void automation_Testcases.SignIn_Test.Unregistered_Email_TC() throws java.lang.Exception]]>
              </value>
            </param>
          </params>
          <reporter-output>
          </reporter-output>
        </test-method> <!-- BeforeMethod -->
        <test-method status="PASS" signature="Unregistered_Email_TC()[pri:5, instance:automation_Testcases.SignIn_Test@1e67b872]" name="Unregistered_Email_TC" duration-ms="3504" started-at="2017-08-24T15:35:25Z" finished-at="2017-08-24T15:35:28Z">
          <reporter-output>
          </reporter-output>
        </test-method> <!-- Unregistered_Email_TC -->
        <test-method status="PASS" signature="AfterMethod()[pri:0, instance:automation_Testcases.SignIn_Test@1e67b872]" name="AfterMethod" is-config="true" duration-ms="920" started-at="2017-08-24T15:35:28Z" finished-at="2017-08-24T15:35:29Z">
          <reporter-output>
          </reporter-output>
        </test-method> <!-- AfterMethod -->
        <test-method status="PASS" signature="BeforeMethod(java.lang.reflect.Method)[pri:0, instance:automation_Testcases.SignIn_Test@1e67b872]" name="BeforeMethod" is-config="true" duration-ms="50548" started-at="2017-08-24T15:36:02Z" finished-at="2017-08-24T15:36:52Z">
          <params>
            <param index="0">
              <value>
                <![CDATA[public void automation_Testcases.SignIn_Test.ForgotPassword_Navigate_TC() throws java.lang.Exception]]>
              </value>
            </param>
          </params>
          <reporter-output>
          </reporter-output>
        </test-method> <!-- BeforeMethod -->
        <test-method status="PASS" signature="ForgotPassword_Navigate_TC()[pri:6, instance:automation_Testcases.SignIn_Test@1e67b872]" name="ForgotPassword_Navigate_TC" duration-ms="198" started-at="2017-08-24T15:36:52Z" finished-at="2017-08-24T15:36:52Z">
          <reporter-output>
          </reporter-output>
        </test-method> <!-- ForgotPassword_Navigate_TC -->
        <test-method status="PASS" signature="AfterMethod()[pri:0, instance:automation_Testcases.SignIn_Test@1e67b872]" name="AfterMethod" is-config="true" duration-ms="869" started-at="2017-08-24T15:36:52Z" finished-at="2017-08-24T15:36:53Z">
          <reporter-output>
          </reporter-output>
        </test-method> <!-- AfterMethod -->
        <test-method status="PASS" signature="BeforeMethod(java.lang.reflect.Method)[pri:0, instance:automation_Testcases.SignIn_Test@1e67b872]" name="BeforeMethod" is-config="true" duration-ms="40473" started-at="2017-08-24T15:37:44Z" finished-at="2017-08-24T15:38:24Z">
          <params>
            <param index="0">
              <value>
                <![CDATA[public void automation_Testcases.SignIn_Test.SignUp_Navigate_TC() throws java.lang.Exception]]>
              </value>
            </param>
          </params>
          <reporter-output>
          </reporter-output>
        </test-method> <!-- BeforeMethod -->
        <test-method status="PASS" signature="SignUp_Navigate_TC()[pri:7, instance:automation_Testcases.SignIn_Test@1e67b872]" name="SignUp_Navigate_TC" duration-ms="244" started-at="2017-08-24T15:38:24Z" finished-at="2017-08-24T15:38:25Z">
          <reporter-output>
          </reporter-output>
        </test-method> <!-- SignUp_Navigate_TC -->
        <test-method status="PASS" signature="AfterMethod()[pri:0, instance:automation_Testcases.SignIn_Test@1e67b872]" name="AfterMethod" is-config="true" duration-ms="1617" started-at="2017-08-24T15:38:25Z" finished-at="2017-08-24T15:38:26Z">
          <reporter-output>
          </reporter-output>
        </test-method> <!-- AfterMethod -->
      </class> <!-- automation_Testcases.SignIn_Test -->
      <class name="automation_Testcases.SignUp_Test">
        <test-method status="PASS" signature="BeforeMethod(java.lang.reflect.Method)[pri:0, instance:automation_Testcases.SignUp_Test@60addb54]" name="BeforeMethod" is-config="true" duration-ms="30948" started-at="2017-08-24T15:29:34Z" finished-at="2017-08-24T15:30:05Z">
          <params>
            <param index="0">
              <value>
                <![CDATA[public void automation_Testcases.SignUp_Test.SignUp_Successful_TC() throws java.lang.Exception]]>
              </value>
            </param>
          </params>
          <reporter-output>
          </reporter-output>
        </test-method> <!-- BeforeMethod -->
        <test-method status="PASS" signature="SignUp_Successful_TC()[pri:0, instance:automation_Testcases.SignUp_Test@60addb54]" name="SignUp_Successful_TC" duration-ms="896" started-at="2017-08-24T15:30:05Z" finished-at="2017-08-24T15:30:06Z">
          <reporter-output>
          </reporter-output>
        </test-method> <!-- SignUp_Successful_TC -->
        <test-method status="PASS" signature="AfterMethod()[pri:0, instance:automation_Testcases.SignUp_Test@60addb54]" name="AfterMethod" is-config="true" duration-ms="958" started-at="2017-08-24T15:30:06Z" finished-at="2017-08-24T15:30:07Z">
          <reporter-output>
          </reporter-output>
        </test-method> <!-- AfterMethod -->
        <test-method status="PASS" signature="BeforeMethod(java.lang.reflect.Method)[pri:0, instance:automation_Testcases.SignUp_Test@60addb54]" name="BeforeMethod" is-config="true" duration-ms="23074" started-at="2017-08-24T15:30:36Z" finished-at="2017-08-24T15:30:59Z">
          <params>
            <param index="0">
              <value>
                <![CDATA[public void automation_Testcases.SignUp_Test.SignUp_Blank_FullName_TC() throws java.lang.Exception]]>
              </value>
            </param>
          </params>
          <reporter-output>
          </reporter-output>
        </test-method> <!-- BeforeMethod -->
        <test-method status="PASS" signature="SignUp_Blank_FullName_TC()[pri:1, instance:automation_Testcases.SignUp_Test@60addb54]" name="SignUp_Blank_FullName_TC" duration-ms="850" started-at="2017-08-24T15:30:59Z" finished-at="2017-08-24T15:31:00Z">
          <reporter-output>
          </reporter-output>
        </test-method> <!-- SignUp_Blank_FullName_TC -->
        <test-method status="PASS" signature="AfterMethod()[pri:0, instance:automation_Testcases.SignUp_Test@60addb54]" name="AfterMethod" is-config="true" duration-ms="896" started-at="2017-08-24T15:31:00Z" finished-at="2017-08-24T15:31:01Z">
          <reporter-output>
          </reporter-output>
        </test-method> <!-- AfterMethod -->
        <test-method status="PASS" signature="BeforeMethod(java.lang.reflect.Method)[pri:0, instance:automation_Testcases.SignUp_Test@60addb54]" name="BeforeMethod" is-config="true" duration-ms="59840" started-at="2017-08-24T15:31:23Z" finished-at="2017-08-24T15:32:23Z">
          <params>
            <param index="0">
              <value>
                <![CDATA[public void automation_Testcases.SignUp_Test.SignUp_Blank_Email_TC() throws java.lang.Exception]]>
              </value>
            </param>
          </params>
          <reporter-output>
          </reporter-output>
        </test-method> <!-- BeforeMethod -->
        <test-method status="PASS" signature="SignUp_Blank_Email_TC()[pri:2, instance:automation_Testcases.SignUp_Test@60addb54]" name="SignUp_Blank_Email_TC" duration-ms="742" started-at="2017-08-24T15:32:23Z" finished-at="2017-08-24T15:32:23Z">
          <reporter-output>
          </reporter-output>
        </test-method> <!-- SignUp_Blank_Email_TC -->
        <test-method status="PASS" signature="AfterMethod()[pri:0, instance:automation_Testcases.SignUp_Test@60addb54]" name="AfterMethod" is-config="true" duration-ms="943" started-at="2017-08-24T15:32:23Z" finished-at="2017-08-24T15:32:24Z">
          <reporter-output>
          </reporter-output>
        </test-method> <!-- AfterMethod -->
        <test-method status="PASS" signature="BeforeMethod(java.lang.reflect.Method)[pri:0, instance:automation_Testcases.SignUp_Test@60addb54]" name="BeforeMethod" is-config="true" duration-ms="36317" started-at="2017-08-24T15:33:08Z" finished-at="2017-08-24T15:33:44Z">
          <params>
            <param index="0">
              <value>
                <![CDATA[public void automation_Testcases.SignUp_Test.SignUp_Blank_Password_TC() throws java.lang.Exception]]>
              </value>
            </param>
          </params>
          <reporter-output>
          </reporter-output>
        </test-method> <!-- BeforeMethod -->
        <test-method status="PASS" signature="SignUp_Blank_Password_TC()[pri:3, instance:automation_Testcases.SignUp_Test@60addb54]" name="SignUp_Blank_Password_TC" duration-ms="819" started-at="2017-08-24T15:33:44Z" finished-at="2017-08-24T15:33:45Z">
          <reporter-output>
          </reporter-output>
        </test-method> <!-- SignUp_Blank_Password_TC -->
        <test-method status="PASS" signature="AfterMethod()[pri:0, instance:automation_Testcases.SignUp_Test@60addb54]" name="AfterMethod" is-config="true" duration-ms="891" started-at="2017-08-24T15:33:45Z" finished-at="2017-08-24T15:33:46Z">
          <reporter-output>
          </reporter-output>
        </test-method> <!-- AfterMethod -->
        <test-method status="PASS" signature="BeforeMethod(java.lang.reflect.Method)[pri:0, instance:automation_Testcases.SignUp_Test@60addb54]" name="BeforeMethod" is-config="true" duration-ms="25262" started-at="2017-08-24T15:34:27Z" finished-at="2017-08-24T15:34:52Z">
          <params>
            <param index="0">
              <value>
                <![CDATA[public void automation_Testcases.SignUp_Test.SignUp_Invalid_EmailFormat_TC() throws java.lang.Exception]]>
              </value>
            </param>
          </params>
          <reporter-output>
          </reporter-output>
        </test-method> <!-- BeforeMethod -->
        <test-method status="PASS" signature="SignUp_Invalid_EmailFormat_TC()[pri:4, instance:automation_Testcases.SignUp_Test@60addb54]" name="SignUp_Invalid_EmailFormat_TC" duration-ms="826" started-at="2017-08-24T15:34:52Z" finished-at="2017-08-24T15:34:53Z">
          <reporter-output>
          </reporter-output>
        </test-method> <!-- SignUp_Invalid_EmailFormat_TC -->
        <test-method status="PASS" signature="AfterMethod()[pri:0, instance:automation_Testcases.SignUp_Test@60addb54]" name="AfterMethod" is-config="true" duration-ms="1028" started-at="2017-08-24T15:34:53Z" finished-at="2017-08-24T15:34:54Z">
          <reporter-output>
          </reporter-output>
        </test-method> <!-- AfterMethod -->
        <test-method status="PASS" signature="BeforeMethod(java.lang.reflect.Method)[pri:0, instance:automation_Testcases.SignUp_Test@60addb54]" name="BeforeMethod" is-config="true" duration-ms="30752" started-at="2017-08-24T15:35:29Z" finished-at="2017-08-24T15:36:00Z">
          <params>
            <param index="0">
              <value>
                <![CDATA[public void automation_Testcases.SignUp_Test.SignUp_Invalid_PasswordFormat_TC() throws java.lang.Exception]]>
              </value>
            </param>
          </params>
          <reporter-output>
          </reporter-output>
        </test-method> <!-- BeforeMethod -->
        <test-method status="PASS" signature="SignUp_Invalid_PasswordFormat_TC()[pri:5, instance:automation_Testcases.SignUp_Test@60addb54]" name="SignUp_Invalid_PasswordFormat_TC" duration-ms="822" started-at="2017-08-24T15:36:00Z" finished-at="2017-08-24T15:36:01Z">
          <reporter-output>
          </reporter-output>
        </test-method> <!-- SignUp_Invalid_PasswordFormat_TC -->
        <test-method status="PASS" signature="AfterMethod()[pri:0, instance:automation_Testcases.SignUp_Test@60addb54]" name="AfterMethod" is-config="true" duration-ms="904" started-at="2017-08-24T15:36:01Z" finished-at="2017-08-24T15:36:02Z">
          <reporter-output>
          </reporter-output>
        </test-method> <!-- AfterMethod -->
        <test-method status="PASS" signature="BeforeMethod(java.lang.reflect.Method)[pri:0, instance:automation_Testcases.SignUp_Test@60addb54]" name="BeforeMethod" is-config="true" duration-ms="45680" started-at="2017-08-24T15:36:53Z" finished-at="2017-08-24T15:37:39Z">
          <params>
            <param index="0">
              <value>
                <![CDATA[public void automation_Testcases.SignUp_Test.Registered_Email_TC() throws java.lang.Exception]]>
              </value>
            </param>
          </params>
          <reporter-output>
          </reporter-output>
        </test-method> <!-- BeforeMethod -->
        <test-method status="FAIL" signature="Registered_Email_TC()[pri:6, instance:automation_Testcases.SignUp_Test@60addb54]" name="Registered_Email_TC" duration-ms="4068" started-at="2017-08-24T15:37:39Z" finished-at="2017-08-24T15:37:43Z">
          <exception class="java.lang.AssertionError">
            <message>
              <![CDATA[Validation message for invalid credentials is incorrect expected [true] but found [false]]]>
            </message>
            <full-stacktrace>
              <![CDATA[java.lang.AssertionError: Validation message for invalid credentials is incorrect expected [true] but found [false]
	at org.testng.Assert.fail(Assert.java:93)
	at org.testng.Assert.failNotEquals(Assert.java:512)
	at org.testng.Assert.assertTrue(Assert.java:41)
	at Common_Utility.Utils.verify_errorMsg(Utils.java:198)
	at automation_Testcases.SignUp_Test.Registered_Email_TC(SignUp_Test.java:242)
	at sun.reflect.NativeMethodAccessorImpl.invoke0(Native Method)
	at sun.reflect.NativeMethodAccessorImpl.invoke(NativeMethodAccessorImpl.java:62)
	at sun.reflect.DelegatingMethodAccessorImpl.invoke(DelegatingMethodAccessorImpl.java:43)
	at java.lang.reflect.Method.invoke(Method.java:498)
	at org.testng.internal.MethodInvocationHelper.invokeMethod(MethodInvocationHelper.java:108)
	at org.testng.internal.Invoker.invokeMethod(Invoker.java:661)
	at org.testng.internal.Invoker.invokeTestMethod(Invoker.java:869)
	at org.testng.internal.Invoker.invokeTestMethods(Invoker.java:1193)
	at org.testng.internal.TestMethodWorker.invokeTestMethods(TestMethodWorker.java:126)
	at org.testng.internal.TestMethodWorker.run(TestMethodWorker.java:109)
	at org.testng.TestRunner.privateRun(TestRunner.java:744)
	at org.testng.TestRunner.run(TestRunner.java:602)
	at org.testng.SuiteRunner.runTest(SuiteRunner.java:380)
	at org.testng.SuiteRunner.runSequentially(SuiteRunner.java:375)
	at org.testng.SuiteRunner.privateRun(SuiteRunner.java:340)
	at org.testng.SuiteRunner.run(SuiteRunner.java:289)
	at org.testng.SuiteRunnerWorker.runSuite(SuiteRunnerWorker.java:52)
	at org.testng.SuiteRunnerWorker.run(SuiteRunnerWorker.java:86)
	at org.testng.TestNG.runSuitesSequentially(TestNG.java:1301)
	at org.testng.TestNG.runSuitesLocally(TestNG.java:1226)
	at org.testng.TestNG.runSuites(TestNG.java:1144)
	at org.testng.TestNG.run(TestNG.java:1115)
	at org.apache.maven.surefire.testng.TestNGExecutor.run(TestNGExecutor.java:283)
	at org.apache.maven.surefire.testng.TestNGXmlTestSuite.execute(TestNGXmlTestSuite.java:75)
	at org.apache.maven.surefire.testng.TestNGProvider.invoke(TestNGProvider.java:120)
	at org.apache.maven.surefire.booter.ForkedBooter.invokeProviderInSameClassLoader(ForkedBooter.java:386)
	at org.apache.maven.surefire.booter.ForkedBooter.runSuitesInProcess(ForkedBooter.java:323)
	at org.apache.maven.surefire.booter.ForkedBooter.main(ForkedBooter.java:143)
]]>
            </full-stacktrace>
          </exception> <!-- java.lang.AssertionError -->
          <reporter-output>
          </reporter-output>
        </test-method> <!-- Registered_Email_TC -->
        <test-method status="PASS" signature="AfterMethod()[pri:0, instance:automation_Testcases.SignUp_Test@60addb54]" name="AfterMethod" is-config="true" duration-ms="914" started-at="2017-08-24T15:37:43Z" finished-at="2017-08-24T15:37:44Z">
          <reporter-output>
          </reporter-output>
        </test-method> <!-- AfterMethod -->
        <test-method status="PASS" signature="BeforeMethod(java.lang.reflect.Method)[pri:0, instance:automation_Testcases.SignUp_Test@60addb54]" name="BeforeMethod" is-config="true" duration-ms="36637" started-at="2017-08-24T15:38:26Z" finished-at="2017-08-24T15:39:03Z">
          <params>
            <param index="0">
              <value>
                <![CDATA[public void automation_Testcases.SignUp_Test.Popup_Privacy_Policy_TC() throws java.lang.Exception]]>
              </value>
            </param>
          </params>
          <reporter-output>
          </reporter-output>
        </test-method> <!-- BeforeMethod -->
        <test-method status="PASS" signature="Popup_Privacy_Policy_TC()[pri:7, instance:automation_Testcases.SignUp_Test@60addb54]" name="Popup_Privacy_Policy_TC" duration-ms="825" started-at="2017-08-24T15:39:03Z" finished-at="2017-08-24T15:39:04Z">
          <reporter-output>
          </reporter-output>
        </test-method> <!-- Popup_Privacy_Policy_TC -->
        <test-method status="PASS" signature="AfterMethod()[pri:0, instance:automation_Testcases.SignUp_Test@60addb54]" name="AfterMethod" is-config="true" duration-ms="914" started-at="2017-08-24T15:39:04Z" finished-at="2017-08-24T15:39:05Z">
          <reporter-output>
          </reporter-output>
        </test-method> <!-- AfterMethod -->
        <test-method status="PASS" signature="BeforeMethod(java.lang.reflect.Method)[pri:0, instance:automation_Testcases.SignUp_Test@60addb54]" name="BeforeMethod" is-config="true" duration-ms="28580" started-at="2017-08-24T15:39:05Z" finished-at="2017-08-24T15:39:33Z">
          <params>
            <param index="0">
              <value>
                <![CDATA[public void automation_Testcases.SignUp_Test.Popup_T_and_C_TC() throws java.lang.Exception]]>
              </value>
            </param>
          </params>
          <reporter-output>
          </reporter-output>
        </test-method> <!-- BeforeMethod -->
        <test-method status="PASS" signature="Popup_T_and_C_TC()[pri:8, instance:automation_Testcases.SignUp_Test@60addb54]" name="Popup_T_and_C_TC" duration-ms="833" started-at="2017-08-24T15:39:33Z" finished-at="2017-08-24T15:39:34Z">
          <reporter-output>
          </reporter-output>
        </test-method> <!-- Popup_T_and_C_TC -->
        <test-method status="PASS" signature="AfterMethod()[pri:0, instance:automation_Testcases.SignUp_Test@60addb54]" name="AfterMethod" is-config="true" duration-ms="2527" started-at="2017-08-24T15:39:34Z" finished-at="2017-08-24T15:39:37Z">
          <reporter-output>
          </reporter-output>
        </test-method> <!-- AfterMethod -->
      </class> <!-- automation_Testcases.SignUp_Test -->
    </test> <!-- Test -->
  </suite> <!-- Suite -->
</testng-results>
