<?xml version="1.0" encoding="UTF-8"?>
<!-- Generated by org.testng.reporters.JUnitXMLReporter -->
<testsuite hostname="Desk-67A" ignored="0" name="Test" tests="17" failures="2" timestamp="24 Aug 2017 10:09:38 GMT" time="675.069" errors="0">
  <testcase name="SignIn_Successful_TC" time="11.822" classname="automation_Testcases.SignIn_Test">
    <failure type="org.openqa.selenium.NoSuchElementException" message="no such element: Unable to locate element: {&amp;quot;method&amp;quot;:&amp;quot;xpath&amp;quot;,&amp;quot;selector&amp;quot;:&amp;quot;.//*[@class=&amp;apos;main-title&amp;apos;]&amp;quot;}
  (Session info: chrome=60.0.3112.101)
  (Driver info: chromedriver=2.25.426923 (0390b88869384d6eb0d5d09729679f934aab9eed),platform=Windows NT 10.0.15063 x86_64) (WARNING: The server did not provide any stacktrace information)
Command duration or timeout: 10.16 seconds
For documentation on this error, please visit: http://seleniumhq.org/exceptions/no_such_element.html
Build info: version: &amp;apos;3.4.0&amp;apos;, revision: &amp;apos;unknown&amp;apos;, time: &amp;apos;unknown&amp;apos;
System info: host: &amp;apos;DESK-67A&amp;apos;, ip: &amp;apos;10.1.1.45&amp;apos;, os.name: &amp;apos;Windows 10&amp;apos;, os.arch: &amp;apos;amd64&amp;apos;, os.version: &amp;apos;10.0&amp;apos;, java.version: &amp;apos;1.8.0_131&amp;apos;
Driver info: org.openqa.selenium.chrome.ChromeDriver
Capabilities [{applicationCacheEnabled=false, rotatable=false, mobileEmulationEnabled=false, networkConnectionEnabled=false, chrome={chromedriverVersion=2.25.426923 (0390b88869384d6eb0d5d09729679f934aab9eed), userDataDir=C:\WINDOWS\TEMP\scoped_dir2660_11337}, takesHeapSnapshot=true, pageLoadStrategy=normal, databaseEnabled=false, handlesAlerts=true, hasTouchScreen=false, version=60.0.3112.101, platform=XP, browserConnectionEnabled=false, nativeEvents=true, acceptSslCerts=true, locationContextEnabled=true, webStorageEnabled=true, browserName=chrome, takesScreenshot=true, javascriptEnabled=true, cssSelectorsEnabled=true}]
Session ID: 2ddbfd57cb220fee50555db3f600b609
*** Element info: {Using=xpath, value=.//*[@class=&amp;apos;main-title&amp;apos;]}">
      <![CDATA[org.openqa.selenium.NoSuchElementException: no such element: Unable to locate element: {"method":"xpath","selector":".//*[@class='main-title']"}
  (Session info: chrome=60.0.3112.101)
  (Driver info: chromedriver=2.25.426923 (0390b88869384d6eb0d5d09729679f934aab9eed),platform=Windows NT 10.0.15063 x86_64) (WARNING: The server did not provide any stacktrace information)
Command duration or timeout: 10.16 seconds
For documentation on this error, please visit: http://seleniumhq.org/exceptions/no_such_element.html
Build info: version: '3.4.0', revision: 'unknown', time: 'unknown'
System info: host: 'DESK-67A', ip: '10.1.1.45', os.name: 'Windows 10', os.arch: 'amd64', os.version: '10.0', java.version: '1.8.0_131'
Driver info: org.openqa.selenium.chrome.ChromeDriver
Capabilities [{applicationCacheEnabled=false, rotatable=false, mobileEmulationEnabled=false, networkConnectionEnabled=false, chrome={chromedriverVersion=2.25.426923 (0390b88869384d6eb0d5d09729679f934aab9eed), userDataDir=C:\WINDOWS\TEMP\scoped_dir2660_11337}, takesHeapSnapshot=true, pageLoadStrategy=normal, databaseEnabled=false, handlesAlerts=true, hasTouchScreen=false, version=60.0.3112.101, platform=XP, browserConnectionEnabled=false, nativeEvents=true, acceptSslCerts=true, locationContextEnabled=true, webStorageEnabled=true, browserName=chrome, takesScreenshot=true, javascriptEnabled=true, cssSelectorsEnabled=true}]
Session ID: 2ddbfd57cb220fee50555db3f600b609
*** Element info: {Using=xpath, value=.//*[@class='main-title']}
	at org.openqa.selenium.remote.ErrorHandler.createThrowable(ErrorHandler.java:215)
	at org.openqa.selenium.remote.ErrorHandler.throwIfResponseFailed(ErrorHandler.java:167)
	at org.openqa.selenium.remote.RemoteWebDriver.execute(RemoteWebDriver.java:671)
	at org.openqa.selenium.remote.RemoteWebDriver.findElement(RemoteWebDriver.java:410)
	at org.openqa.selenium.remote.RemoteWebDriver.findElementByXPath(RemoteWebDriver.java:509)
	at org.openqa.selenium.By$ByXPath.findElement(By.java:361)
	at org.openqa.selenium.remote.RemoteWebDriver.findElement(RemoteWebDriver.java:402)
	at pageObjects.Home_page.txt_mainTitle(Home_page.java:24)
	at appModules.SignIn_Actions.verify_SignIn(SignIn_Actions.java:61)
	at automation_Testcases.SignIn_Test.SignIn_Successful_TC(SignIn_Test.java:55)
... Removed 32 stack frames]]>
    </failure>
  </testcase> <!-- SignIn_Successful_TC -->
  <testcase name="SignUp_Successful_TC" time="0.896" classname="automation_Testcases.SignUp_Test"/>
  <testcase name="Blank_Email_TC" time="0.63" classname="automation_Testcases.SignIn_Test"/>
  <testcase name="SignUp_Blank_FullName_TC" time="0.85" classname="automation_Testcases.SignUp_Test"/>
  <testcase name="Blank_Password_TC" time="0.563" classname="automation_Testcases.SignIn_Test"/>
  <testcase name="SignUp_Blank_Email_TC" time="0.742" classname="automation_Testcases.SignUp_Test"/>
  <testcase name="Invalid_EmailFormat_TC" time="0.554" classname="automation_Testcases.SignIn_Test"/>
  <testcase name="SignUp_Blank_Password_TC" time="0.819" classname="automation_Testcases.SignUp_Test"/>
  <testcase name="Incorrect_Password_TC" time="1.455" classname="automation_Testcases.SignIn_Test"/>
  <testcase name="SignUp_Invalid_EmailFormat_TC" time="0.826" classname="automation_Testcases.SignUp_Test"/>
  <testcase name="Unregistered_Email_TC" time="3.504" classname="automation_Testcases.SignIn_Test"/>
  <testcase name="SignUp_Invalid_PasswordFormat_TC" time="0.822" classname="automation_Testcases.SignUp_Test"/>
  <testcase name="ForgotPassword_Navigate_TC" time="0.198" classname="automation_Testcases.SignIn_Test"/>
  <testcase name="Registered_Email_TC" time="4.068" classname="automation_Testcases.SignUp_Test">
    <failure type="java.lang.AssertionError" message="Validation message for invalid credentials is incorrect expected [true] but found [false]">
      <![CDATA[java.lang.AssertionError: Validation message for invalid credentials is incorrect expected [true] but found [false]
	at Common_Utility.Utils.verify_errorMsg(Utils.java:198)
	at automation_Testcases.SignUp_Test.Registered_Email_TC(SignUp_Test.java:242)
... Removed 31 stack frames]]>
    </failure>
  </testcase> <!-- Registered_Email_TC -->
  <testcase name="SignUp_Navigate_TC" time="0.244" classname="automation_Testcases.SignIn_Test"/>
  <testcase name="Popup_Privacy_Policy_TC" time="0.825" classname="automation_Testcases.SignUp_Test"/>
  <testcase name="Popup_T_and_C_TC" time="0.833" classname="automation_Testcases.SignUp_Test"/>
</testsuite> <!-- Test -->
