<?xml version="1.0" encoding="UTF-8"?>
<!-- Generated by org.testng.reporters.JUnitReportReporter -->
<testsuite skipped="8" hostname="Desk-67A" name="automation_Testcases.SignIn_Test" tests="9" failures="0" timestamp="25 Aug 2017 07:20:53 GMT" time="0.304" errors="1">
  <testcase name="BeforeMethod" time="0.303" classname="automation_Testcases.SignIn_Test">
    <error type="java.lang.NoClassDefFoundError" message="org/apache/poi/ss/usermodel/Cell">
      <![CDATA[java.lang.NoClassDefFoundError: org/apache/poi/ss/usermodel/Cell
	at automation_Testcases.SignIn_Test.BeforeMethod(SignIn_Test.java:41)
	at sun.reflect.NativeMethodAccessorImpl.invoke0(Native Method)
	at sun.reflect.NativeMethodAccessorImpl.invoke(NativeMethodAccessorImpl.java:62)
	at sun.reflect.DelegatingMethodAccessorImpl.invoke(DelegatingMethodAccessorImpl.java:43)
	at java.lang.reflect.Method.invoke(Method.java:498)
	at org.testng.internal.MethodInvocationHelper.invokeMethod(MethodInvocationHelper.java:108)
	at org.testng.internal.Invoker.invokeConfigurationMethod(Invoker.java:523)
	at org.testng.internal.Invoker.invokeConfigurations(Invoker.java:224)
	at org.testng.internal.Invoker.invokeMethod(Invoker.java:599)
	at org.testng.internal.Invoker.invokeTestMethod(Invoker.java:869)
	at org.testng.internal.Invoker.invokeTestMethods(Invoker.java:1193)
	at org.testng.internal.TestMethodWorker.invokeTestMethods(TestMethodWorker.java:126)
	at org.testng.internal.TestMethodWorker.run(TestMethodWorker.java:109)
	at org.testng.TestRunner.privateRun(TestRunner.java:744)
	at org.testng.TestRunner.run(TestRunner.java:602)
	at org.testng.SuiteRunner.runTest(SuiteRunner.java:380)
	at org.testng.SuiteRunner.runSequentially(SuiteRunner.java:375)
	at org.testng.SuiteRunner.privateRun(SuiteRunner.java:340)
	at org.testng.SuiteRunner.run(SuiteRunner.java:289)
	at org.testng.SuiteRunnerWorker.runSuite(SuiteRunnerWorker.java:52)
	at org.testng.SuiteRunnerWorker.run(SuiteRunnerWorker.java:86)
	at org.testng.TestNG.runSuitesSequentially(TestNG.java:1301)
	at org.testng.TestNG.runSuitesLocally(TestNG.java:1226)
	at org.testng.TestNG.runSuites(TestNG.java:1144)
	at org.testng.TestNG.run(TestNG.java:1115)
	at org.apache.maven.surefire.testng.TestNGExecutor.run(TestNGExecutor.java:283)
	at org.apache.maven.surefire.testng.TestNGXmlTestSuite.execute(TestNGXmlTestSuite.java:75)
	at org.apache.maven.surefire.testng.TestNGProvider.invoke(TestNGProvider.java:120)
	at org.apache.maven.surefire.booter.ForkedBooter.invokeProviderInSameClassLoader(ForkedBooter.java:386)
	at org.apache.maven.surefire.booter.ForkedBooter.runSuitesInProcess(ForkedBooter.java:323)
	at org.apache.maven.surefire.booter.ForkedBooter.main(ForkedBooter.java:143)
Caused by: java.lang.ClassNotFoundException: org.apache.poi.ss.usermodel.Cell
	at java.net.URLClassLoader.findClass(URLClassLoader.java:381)
	at java.lang.ClassLoader.loadClass(ClassLoader.java:424)
	at sun.misc.Launcher$AppClassLoader.loadClass(Launcher.java:335)
	at java.lang.ClassLoader.loadClass(ClassLoader.java:357)
	... 31 more
]]>
    </error>
  </testcase> <!-- BeforeMethod -->
  <testcase name="SignIn_Successful_TC" time="0.001" classname="automation_Testcases.SignIn_Test">
    <skipped/>
  </testcase> <!-- SignIn_Successful_TC -->
  <testcase name="Blank_Email_TC" time="0.000" classname="automation_Testcases.SignIn_Test">
    <skipped/>
  </testcase> <!-- Blank_Email_TC -->
  <testcase name="Blank_Password_TC" time="0.000" classname="automation_Testcases.SignIn_Test">
    <skipped/>
  </testcase> <!-- Blank_Password_TC -->
  <testcase name="Invalid_EmailFormat_TC" time="0.000" classname="automation_Testcases.SignIn_Test">
    <skipped/>
  </testcase> <!-- Invalid_EmailFormat_TC -->
  <testcase name="Incorrect_Password_TC" time="0.000" classname="automation_Testcases.SignIn_Test">
    <skipped/>
  </testcase> <!-- Incorrect_Password_TC -->
  <testcase name="Unregistered_Email_TC" time="0.000" classname="automation_Testcases.SignIn_Test">
    <skipped/>
  </testcase> <!-- Unregistered_Email_TC -->
  <testcase name="ForgotPassword_Navigate_TC" time="0.000" classname="automation_Testcases.SignIn_Test">
    <skipped/>
  </testcase> <!-- ForgotPassword_Navigate_TC -->
  <testcase name="SignUp_Navigate_TC" time="0.000" classname="automation_Testcases.SignIn_Test">
    <skipped/>
  </testcase> <!-- SignUp_Navigate_TC -->
</testsuite> <!-- automation_Testcases.SignIn_Test -->
